<?xml version="1.0" encoding="UTF-8"?>
<testsuite xmlns:xsi="http://www.w3.org/2001/XMLSchema-instance" xsi:noNamespaceSchemaLocation="https://maven.apache.org/surefire/maven-failsafe-plugin/xsd/failsafe-test-report-3.0.xsd" version="3.0" name="au.com.brand.GreetingResourceIT" time="3.041" tests="2" errors="0" skipped="0" failures="0">
  <properties>
    <property name="java.specification.version" value="17"/>
    <property name="test.url" value="http://localhost:8081"/>
    <property name="sun.jnu.encoding" value="UTF-8"/>
    <property name="java.class.path" value="/home/pkruger/Projects/phillip-kruger.com/todos/target/test-classes:/home/pkruger/Projects/phillip-kruger.com/todos/target/todos-1.0.0-SNAPSHOT.jar:/home/pkruger/.m2/repository/io/quarkus/quarkus-resteasy-reactive-jackson/999-SNAPSHOT/quarkus-resteasy-reactive-jackson-999-SNAPSHOT.jar:/home/pkruger/.m2/repository/io/quarkus/quarkus-resteasy-reactive/999-SNAPSHOT/quarkus-resteasy-reactive-999-SNAPSHOT.jar:/home/pkruger/.m2/repository/io/quarkus/quarkus-resteasy-reactive-common/999-SNAPSHOT/quarkus-resteasy-reactive-common-999-SNAPSHOT.jar:/home/pkruger/.m2/repository/io/quarkus/resteasy/reactive/resteasy-reactive-common/999-SNAPSHOT/resteasy-reactive-common-999-SNAPSHOT.jar:/home/pkruger/.m2/repository/io/quarkus/resteasy/reactive/resteasy-reactive-common-types/999-SNAPSHOT/resteasy-reactive-common-types-999-SNAPSHOT.jar:/home/pkruger/.m2/repository/org/reactivestreams/reactive-streams/1.0.4/reactive-streams-1.0.4.jar:/home/pkruger/.m2/repository/io/smallrye/reactive/mutiny-zero-flow-adapters/1.0.0/mutiny-zero-flow-adapters-1.0.0.jar:/home/pkruger/.m2/repository/io/quarkus/resteasy/reactive/resteasy-reactive-vertx/999-SNAPSHOT/resteasy-reactive-vertx-999-SNAPSHOT.jar:/home/pkruger/.m2/repository/io/smallrye/reactive/smallrye-mutiny-vertx-core/3.4.1/smallrye-mutiny-vertx-core-3.4.1.jar:/home/pkruger/.m2/repository/io/smallrye/reactive/smallrye-mutiny-vertx-runtime/3.4.1/smallrye-mutiny-vertx-runtime-3.4.1.jar:/home/pkruger/.m2/repository/io/smallrye/reactive/vertx-mutiny-generator/3.4.1/vertx-mutiny-generator-3.4.1.jar:/home/pkruger/.m2/repository/io/vertx/vertx-codegen/4.4.2/vertx-codegen-4.4.2.jar:/home/pkruger/.m2/repository/io/quarkus/resteasy/reactive/resteasy-reactive/999-SNAPSHOT/resteasy-reactive-999-SNAPSHOT.jar:/home/pkruger/.m2/repository/jakarta/ws/rs/jakarta.ws.rs-api/3.1.0/jakarta.ws.rs-api-3.1.0.jar:/home/pkruger/.m2/repository/jakarta/xml/bind/jakarta.xml.bind-api/4.0.0/jakarta.xml.bind-api-4.0.0.jar:/home/pkruger/.m2/repository/jakarta/activation/jakarta.activation-api/2.1.2/jakarta.activation-api-2.1.2.jar:/home/pkruger/.m2/repository/io/quarkus/quarkus-jsonp/999-SNAPSHOT/quarkus-jsonp-999-SNAPSHOT.jar:/home/pkruger/.m2/repository/org/eclipse/parsson/parsson/1.1.1/parsson-1.1.1.jar:/home/pkruger/.m2/repository/jakarta/json/jakarta.json-api/2.1.1/jakarta.json-api-2.1.1.jar:/home/pkruger/.m2/repository/io/quarkus/quarkus-resteasy-reactive-jackson-common/999-SNAPSHOT/quarkus-resteasy-reactive-jackson-common-999-SNAPSHOT.jar:/home/pkruger/.m2/repository/io/quarkus/resteasy/reactive/resteasy-reactive-jackson/999-SNAPSHOT/resteasy-reactive-jackson-999-SNAPSHOT.jar:/home/pkruger/.m2/repository/io/quarkus/quarkus-jackson/999-SNAPSHOT/quarkus-jackson-999-SNAPSHOT.jar:/home/pkruger/.m2/repository/com/fasterxml/jackson/datatype/jackson-datatype-jsr310/2.15.0/jackson-datatype-jsr310-2.15.0.jar:/home/pkruger/.m2/repository/com/fasterxml/jackson/datatype/jackson-datatype-jdk8/2.15.0/jackson-datatype-jdk8-2.15.0.jar:/home/pkruger/.m2/repository/com/fasterxml/jackson/module/jackson-module-parameter-names/2.15.0/jackson-module-parameter-names-2.15.0.jar:/home/pkruger/.m2/repository/io/quarkus/quarkus-arc/999-SNAPSHOT/quarkus-arc-999-SNAPSHOT.jar:/home/pkruger/.m2/repository/io/quarkus/arc/arc/999-SNAPSHOT/arc-999-SNAPSHOT.jar:/home/pkruger/.m2/repository/jakarta/enterprise/jakarta.enterprise.cdi-api/4.0.1/jakarta.enterprise.cdi-api-4.0.1.jar:/home/pkruger/.m2/repository/jakarta/enterprise/jakarta.enterprise.lang-model/4.0.1/jakarta.enterprise.lang-model-4.0.1.jar:/home/pkruger/.m2/repository/jakarta/el/jakarta.el-api/5.0.1/jakarta.el-api-5.0.1.jar:/home/pkruger/.m2/repository/jakarta/interceptor/jakarta.interceptor-api/2.1.0/jakarta.interceptor-api-2.1.0.jar:/home/pkruger/.m2/repository/jakarta/annotation/jakarta.annotation-api/2.1.1/jakarta.annotation-api-2.1.1.jar:/home/pkruger/.m2/repository/jakarta/transaction/jakarta.transaction-api/2.0.1/jakarta.transaction-api-2.0.1.jar:/home/pkruger/.m2/repository/io/smallrye/reactive/mutiny/2.2.0/mutiny-2.2.0.jar:/home/pkruger/.m2/repository/io/smallrye/common/smallrye-common-annotation/2.1.0/smallrye-common-annotation-2.1.0.jar:/home/pkruger/.m2/repository/org/jboss/logging/jboss-logging/3.5.0.Final/jboss-logging-3.5.0.Final.jar:/home/pkruger/.m2/repository/io/quarkus/quarkus-core/999-SNAPSHOT/quarkus-core-999-SNAPSHOT.jar:/home/pkruger/.m2/repository/jakarta/inject/jakarta.inject-api/2.0.1/jakarta.inject-api-2.0.1.jar:/home/pkruger/.m2/repository/io/smallrye/common/smallrye-common-os/2.1.0/smallrye-common-os-2.1.0.jar:/home/pkruger/.m2/repository/io/quarkus/quarkus-ide-launcher/999-SNAPSHOT/quarkus-ide-launcher-999-SNAPSHOT.jar:/home/pkruger/.m2/repository/io/quarkus/quarkus-development-mode-spi/999-SNAPSHOT/quarkus-development-mode-spi-999-SNAPSHOT.jar:/home/pkruger/.m2/repository/io/smallrye/config/smallrye-config/3.2.1/smallrye-config-3.2.1.jar:/home/pkruger/.m2/repository/io/smallrye/config/smallrye-config-core/3.2.1/smallrye-config-core-3.2.1.jar:/home/pkruger/.m2/repository/io/smallrye/common/smallrye-common-expression/2.1.0/smallrye-common-expression-2.1.0.jar:/home/pkruger/.m2/repository/io/smallrye/common/smallrye-common-function/2.1.0/smallrye-common-function-2.1.0.jar:/home/pkruger/.m2/repository/io/smallrye/common/smallrye-common-classloader/2.1.0/smallrye-common-classloader-2.1.0.jar:/home/pkruger/.m2/repository/io/smallrye/config/smallrye-config-common/3.2.1/smallrye-config-common-3.2.1.jar:/home/pkruger/.m2/repository/org/jboss/logmanager/jboss-logmanager-embedded/1.1.1/jboss-logmanager-embedded-1.1.1.jar:/home/pkruger/.m2/repository/org/jboss/logging/jboss-logging-annotations/2.2.1.Final/jboss-logging-annotations-2.2.1.Final.jar:/home/pkruger/.m2/repository/org/jboss/threads/jboss-threads/3.5.0.Final/jboss-threads-3.5.0.Final.jar:/home/pkruger/.m2/repository/org/slf4j/slf4j-api/2.0.6/slf4j-api-2.0.6.jar:/home/pkruger/.m2/repository/org/jboss/slf4j/slf4j-jboss-logmanager/2.0.0.Final/slf4j-jboss-logmanager-2.0.0.Final.jar:/home/pkruger/.m2/repository/org/graalvm/sdk/graal-sdk/22.3.2/graal-sdk-22.3.2.jar:/home/pkruger/.m2/repository/org/wildfly/common/wildfly-common/1.5.4.Final-format-001/wildfly-common-1.5.4.Final-format-001.jar:/home/pkruger/.m2/repository/io/quarkus/quarkus-bootstrap-runner/999-SNAPSHOT/quarkus-bootstrap-runner-999-SNAPSHOT.jar:/home/pkruger/.m2/repository/io/quarkus/quarkus-fs-util/0.0.9/quarkus-fs-util-0.0.9.jar:/home/pkruger/.m2/repository/org/eclipse/microprofile/context-propagation/microprofile-context-propagation-api/1.3/microprofile-context-propagation-api-1.3.jar:/home/pkruger/.m2/repository/io/quarkus/quarkus-smallrye-openapi/999-SNAPSHOT/quarkus-smallrye-openapi-999-SNAPSHOT.jar:/home/pkruger/.m2/repository/io/smallrye/smallrye-open-api-core/3.3.4/smallrye-open-api-core-3.3.4.jar:/home/pkruger/.m2/repository/org/eclipse/microprofile/openapi/microprofile-openapi-api/3.1/microprofile-openapi-api-3.1.jar:/home/pkruger/.m2/repository/org/eclipse/microprofile/config/microprofile-config-api/3.0.3/microprofile-config-api-3.0.3.jar:/home/pkruger/.m2/repository/com/fasterxml/jackson/core/jackson-core/2.15.0/jackson-core-2.15.0.jar:/home/pkruger/.m2/repository/com/fasterxml/jackson/core/jackson-databind/2.15.0/jackson-databind-2.15.0.jar:/home/pkruger/.m2/repository/com/fasterxml/jackson/core/jackson-annotations/2.15.0/jackson-annotations-2.15.0.jar:/home/pkruger/.m2/repository/com/fasterxml/jackson/dataformat/jackson-dataformat-yaml/2.15.0/jackson-dataformat-yaml-2.15.0.jar:/home/pkruger/.m2/repository/org/yaml/snakeyaml/2.0/snakeyaml-2.0.jar:/home/pkruger/.m2/repository/io/smallrye/jandex/3.1.1/jandex-3.1.1.jar:/home/pkruger/.m2/repository/io/quarkus/quarkus-vertx-http/999-SNAPSHOT/quarkus-vertx-http-999-SNAPSHOT.jar:/home/pkruger/.m2/repository/io/quarkus/quarkus-security-runtime-spi/999-SNAPSHOT/quarkus-security-runtime-spi-999-SNAPSHOT.jar:/home/pkruger/.m2/repository/io/quarkus/quarkus-credentials/999-SNAPSHOT/quarkus-credentials-999-SNAPSHOT.jar:/home/pkruger/.m2/repository/io/quarkus/quarkus-mutiny/999-SNAPSHOT/quarkus-mutiny-999-SNAPSHOT.jar:/home/pkruger/.m2/repository/io/quarkus/quarkus-smallrye-context-propagation/999-SNAPSHOT/quarkus-smallrye-context-propagation-999-SNAPSHOT.jar:/home/pkruger/.m2/repository/io/smallrye/smallrye-context-propagation/2.1.0/smallrye-context-propagation-2.1.0.jar:/home/pkruger/.m2/repository/io/smallrye/smallrye-context-propagation-api/2.1.0/smallrye-context-propagation-api-2.1.0.jar:/home/pkruger/.m2/repository/io/smallrye/smallrye-context-propagation-storage/2.1.0/smallrye-context-propagation-storage-2.1.0.jar:/home/pkruger/.m2/repository/io/smallrye/reactive/mutiny-smallrye-context-propagation/2.2.0/mutiny-smallrye-context-propagation-2.2.0.jar:/home/pkruger/.m2/repository/io/smallrye/common/smallrye-common-vertx-context/2.1.0/smallrye-common-vertx-context-2.1.0.jar:/home/pkruger/.m2/repository/io/vertx/vertx-core/4.4.2/vertx-core-4.4.2.jar:/home/pkruger/.m2/repository/io/netty/netty-common/4.1.92.Final/netty-common-4.1.92.Final.jar:/home/pkruger/.m2/repository/io/netty/netty-buffer/4.1.92.Final/netty-buffer-4.1.92.Final.jar:/home/pkruger/.m2/repository/io/netty/netty-transport/4.1.92.Final/netty-transport-4.1.92.Final.jar:/home/pkruger/.m2/repository/io/netty/netty-handler/4.1.92.Final/netty-handler-4.1.92.Final.jar:/home/pkruger/.m2/repository/io/netty/netty-transport-native-unix-common/4.1.92.Final/netty-transport-native-unix-common-4.1.92.Final.jar:/home/pkruger/.m2/repository/io/netty/netty-handler-proxy/4.1.92.Final/netty-handler-proxy-4.1.92.Final.jar:/home/pkruger/.m2/repository/io/netty/netty-codec-socks/4.1.92.Final/netty-codec-socks-4.1.92.Final.jar:/home/pkruger/.m2/repository/io/netty/netty-codec-http/4.1.92.Final/netty-codec-http-4.1.92.Final.jar:/home/pkruger/.m2/repository/io/netty/netty-codec-http2/4.1.92.Final/netty-codec-http2-4.1.92.Final.jar:/home/pkruger/.m2/repository/io/netty/netty-resolver/4.1.92.Final/netty-resolver-4.1.92.Final.jar:/home/pkruger/.m2/repository/io/netty/netty-resolver-dns/4.1.92.Final/netty-resolver-dns-4.1.92.Final.jar:/home/pkruger/.m2/repository/io/netty/netty-codec-dns/4.1.92.Final/netty-codec-dns-4.1.92.Final.jar:/home/pkruger/.m2/repository/io/smallrye/common/smallrye-common-constraint/2.1.0/smallrye-common-constraint-2.1.0.jar:/home/pkruger/.m2/repository/io/quarkus/quarkus-vertx-http-dev-console-runtime-spi/999-SNAPSHOT/quarkus-vertx-http-dev-console-runtime-spi-999-SNAPSHOT.jar:/home/pkruger/.m2/repository/io/quarkus/security/quarkus-security/2.0.2.Final/quarkus-security-2.0.2.Final.jar:/home/pkruger/.m2/repository/io/quarkus/quarkus-vertx/999-SNAPSHOT/quarkus-vertx-999-SNAPSHOT.jar:/home/pkruger/.m2/repository/io/quarkus/quarkus-netty/999-SNAPSHOT/quarkus-netty-999-SNAPSHOT.jar:/home/pkruger/.m2/repository/io/netty/netty-codec/4.1.92.Final/netty-codec-4.1.92.Final.jar:/home/pkruger/.m2/repository/com/aayushatharva/brotli4j/brotli4j/1.11.0/brotli4j-1.11.0.jar:/home/pkruger/.m2/repository/com/aayushatharva/brotli4j/service/1.11.0/service-1.11.0.jar:/home/pkruger/.m2/repository/com/aayushatharva/brotli4j/native-linux-x86_64/1.11.0/native-linux-x86_64-1.11.0.jar:/home/pkruger/.m2/repository/io/netty/netty-codec-haproxy/4.1.92.Final/netty-codec-haproxy-4.1.92.Final.jar:/home/pkruger/.m2/repository/io/quarkus/quarkus-vertx-latebound-mdc-provider/999-SNAPSHOT/quarkus-vertx-latebound-mdc-provider-999-SNAPSHOT.jar:/home/pkruger/.m2/repository/io/smallrye/smallrye-fault-tolerance-vertx/6.2.3/smallrye-fault-tolerance-vertx-6.2.3.jar:/home/pkruger/.m2/repository/io/smallrye/reactive/smallrye-mutiny-vertx-web/3.4.1/smallrye-mutiny-vertx-web-3.4.1.jar:/home/pkruger/.m2/repository/io/smallrye/reactive/smallrye-mutiny-vertx-web-common/3.4.1/smallrye-mutiny-vertx-web-common-3.4.1.jar:/home/pkruger/.m2/repository/io/smallrye/reactive/smallrye-mutiny-vertx-auth-common/3.4.1/smallrye-mutiny-vertx-auth-common-3.4.1.jar:/home/pkruger/.m2/repository/io/smallrye/reactive/smallrye-mutiny-vertx-bridge-common/3.4.1/smallrye-mutiny-vertx-bridge-common-3.4.1.jar:/home/pkruger/.m2/repository/io/smallrye/reactive/smallrye-mutiny-vertx-uri-template/3.4.1/smallrye-mutiny-vertx-uri-template-3.4.1.jar:/home/pkruger/.m2/repository/io/vertx/vertx-uri-template/4.4.2/vertx-uri-template-4.4.2.jar:/home/pkruger/.m2/repository/io/vertx/vertx-web/4.4.2/vertx-web-4.4.2.jar:/home/pkruger/.m2/repository/io/vertx/vertx-web-common/4.4.2/vertx-web-common-4.4.2.jar:/home/pkruger/.m2/repository/io/vertx/vertx-auth-common/4.4.2/vertx-auth-common-4.4.2.jar:/home/pkruger/.m2/repository/io/vertx/vertx-bridge-common/4.4.2/vertx-bridge-common-4.4.2.jar:/home/pkruger/.m2/repository/io/github/crac/org-crac/0.1.3/org-crac-0.1.3.jar:/home/pkruger/.m2/repository/io/quarkus/quarkus-swagger-ui/999-SNAPSHOT/quarkus-swagger-ui-999-SNAPSHOT.jar:/home/pkruger/.m2/repository/io/quarkus/quarkus-junit5/999-SNAPSHOT/quarkus-junit5-999-SNAPSHOT.jar:/home/pkruger/.m2/repository/io/quarkus/quarkus-bootstrap-core/999-SNAPSHOT/quarkus-bootstrap-core-999-SNAPSHOT.jar:/home/pkruger/.m2/repository/io/quarkus/quarkus-bootstrap-app-model/999-SNAPSHOT/quarkus-bootstrap-app-model-999-SNAPSHOT.jar:/home/pkruger/.m2/repository/io/smallrye/common/smallrye-common-io/2.1.0/smallrye-common-io-2.1.0.jar:/home/pkruger/.m2/repository/org/eclipse/sisu/org.eclipse.sisu.inject/0.3.5/org.eclipse.sisu.inject-0.3.5.jar:/home/pkruger/.m2/repository/io/quarkus/quarkus-test-common/999-SNAPSHOT/quarkus-test-common-999-SNAPSHOT.jar:/home/pkruger/.m2/repository/io/quarkus/quarkus-core-deployment/999-SNAPSHOT/quarkus-core-deployment-999-SNAPSHOT.jar:/home/pkruger/.m2/repository/org/aesh/readline/2.4/readline-2.4.jar:/home/pkruger/.m2/repository/org/fusesource/jansi/jansi/2.4.0/jansi-2.4.0.jar:/home/pkruger/.m2/repository/org/aesh/aesh/2.7/aesh-2.7.jar:/home/pkruger/.m2/repository/io/quarkus/gizmo/gizmo/1.6.1.Final/gizmo-1.6.1.Final.jar:/home/pkruger/.m2/repository/org/ow2/asm/asm-util/9.5/asm-util-9.5.jar:/home/pkruger/.m2/repository/org/ow2/asm/asm-analysis/9.5/asm-analysis-9.5.jar:/home/pkruger/.m2/repository/org/ow2/asm/asm/9.5/asm-9.5.jar:/home/pkruger/.m2/repository/org/ow2/asm/asm-commons/9.5/asm-commons-9.5.jar:/home/pkruger/.m2/repository/org/ow2/asm/asm-tree/9.5/asm-tree-9.5.jar:/home/pkruger/.m2/repository/io/quarkus/quarkus-class-change-agent/999-SNAPSHOT/quarkus-class-change-agent-999-SNAPSHOT.jar:/home/pkruger/.m2/repository/io/quarkus/quarkus-devtools-utilities/999-SNAPSHOT/quarkus-devtools-utilities-999-SNAPSHOT.jar:/home/pkruger/.m2/repository/io/quarkus/quarkus-builder/999-SNAPSHOT/quarkus-builder-999-SNAPSHOT.jar:/home/pkruger/.m2/repository/org/junit/platform/junit-platform-launcher/1.9.3/junit-platform-launcher-1.9.3.jar:/home/pkruger/.m2/repository/io/quarkus/quarkus-bootstrap-maven-resolver/999-SNAPSHOT/quarkus-bootstrap-maven-resolver-999-SNAPSHOT.jar:/home/pkruger/.m2/repository/io/smallrye/beanbag/smallrye-beanbag-maven/1.1.0/smallrye-beanbag-maven-1.1.0.jar:/home/pkruger/.m2/repository/io/smallrye/beanbag/smallrye-beanbag-sisu/1.1.0/smallrye-beanbag-sisu-1.1.0.jar:/home/pkruger/.m2/repository/io/smallrye/beanbag/smallrye-beanbag/1.1.0/smallrye-beanbag-1.1.0.jar:/home/pkruger/.m2/repository/javax/inject/javax.inject/1/javax.inject-1.jar:/home/pkruger/.m2/repository/org/apache/maven/maven-artifact/3.9.1/maven-artifact-3.9.1.jar:/home/pkruger/.m2/repository/org/apache/maven/maven-builder-support/3.9.1/maven-builder-support-3.9.1.jar:/home/pkruger/.m2/repository/org/apache/maven/maven-model/3.9.1/maven-model-3.9.1.jar:/home/pkruger/.m2/repository/org/apache/maven/maven-model-builder/3.9.1/maven-model-builder-3.9.1.jar:/home/pkruger/.m2/repository/org/apache/maven/maven-repository-metadata/3.9.1/maven-repository-metadata-3.9.1.jar:/home/pkruger/.m2/repository/org/apache/maven/maven-settings/3.9.1/maven-settings-3.9.1.jar:/home/pkruger/.m2/repository/org/apache/maven/resolver/maven-resolver-api/1.9.7/maven-resolver-api-1.9.7.jar:/home/pkruger/.m2/repository/org/apache/maven/resolver/maven-resolver-impl/1.9.7/maven-resolver-impl-1.9.7.jar:/home/pkruger/.m2/repository/org/apache/maven/resolver/maven-resolver-named-locks/1.9.7/maven-resolver-named-locks-1.9.7.jar:/home/pkruger/.m2/repository/org/apache/maven/resolver/maven-resolver-spi/1.9.7/maven-resolver-spi-1.9.7.jar:/home/pkruger/.m2/repository/org/apache/maven/resolver/maven-resolver-util/1.9.7/maven-resolver-util-1.9.7.jar:/home/pkruger/.m2/repository/org/apache/maven/wagon/wagon-provider-api/3.5.3/wagon-provider-api-3.5.3.jar:/home/pkruger/.m2/repository/org/apache/maven/wagon/wagon-http-lightweight/3.5.3/wagon-http-lightweight-3.5.3.jar:/home/pkruger/.m2/repository/org/apache/maven/wagon/wagon-http-shared/3.5.3/wagon-http-shared-3.5.3.jar:/home/pkruger/.m2/repository/org/codehaus/plexus/plexus-interpolation/1.26/plexus-interpolation-1.26.jar:/home/pkruger/.m2/repository/org/codehaus/plexus/plexus-utils/3.5.1/plexus-utils-3.5.1.jar:/home/pkruger/.m2/repository/org/sonatype/plexus/plexus-cipher/1.7/plexus-cipher-1.7.jar:/home/pkruger/.m2/repository/org/sonatype/plexus/plexus-sec-dispatcher/1.4/plexus-sec-dispatcher-1.4.jar:/home/pkruger/.m2/repository/org/apache/maven/maven-embedder/3.9.1/maven-embedder-3.9.1.jar:/home/pkruger/.m2/repository/org/apache/maven/maven-core/3.9.1/maven-core-3.9.1.jar:/home/pkruger/.m2/repository/org/codehaus/plexus/plexus-component-annotations/2.1.0/plexus-component-annotations-2.1.0.jar:/home/pkruger/.m2/repository/org/apache/maven/maven-plugin-api/3.9.1/maven-plugin-api-3.9.1.jar:/home/pkruger/.m2/repository/org/apache/maven/shared/maven-shared-utils/3.3.4/maven-shared-utils-3.3.4.jar:/home/pkruger/.m2/repository/com/google/inject/guice/5.1.0/guice-5.1.0.jar:/home/pkruger/.m2/repository/aopalliance/aopalliance/1.0/aopalliance-1.0.jar:/home/pkruger/.m2/repository/com/google/guava/guava/31.1-jre/guava-31.1-jre.jar:/home/pkruger/.m2/repository/com/google/guava/failureaccess/1.0.1/failureaccess-1.0.1.jar:/home/pkruger/.m2/repository/javax/annotation/javax.annotation-api/1.3.2/javax.annotation-api-1.3.2.jar:/home/pkruger/.m2/repository/org/codehaus/plexus/plexus-classworlds/2.6.0/plexus-classworlds-2.6.0.jar:/home/pkruger/.m2/repository/org/codehaus/plexus/plexus-sec-dispatcher/2.0/plexus-sec-dispatcher-2.0.jar:/home/pkruger/.m2/repository/org/codehaus/plexus/plexus-cipher/2.0/plexus-cipher-2.0.jar:/home/pkruger/.m2/repository/commons-cli/commons-cli/1.4/commons-cli-1.4.jar:/home/pkruger/.m2/repository/org/eclipse/sisu/org.eclipse.sisu.plexus/0.3.5/org.eclipse.sisu.plexus-0.3.5.jar:/home/pkruger/.m2/repository/org/apache/maven/maven-settings-builder/3.9.1/maven-settings-builder-3.9.1.jar:/home/pkruger/.m2/repository/org/apache/maven/maven-resolver-provider/3.9.1/maven-resolver-provider-3.9.1.jar:/home/pkruger/.m2/repository/org/apache/maven/resolver/maven-resolver-connector-basic/1.9.7/maven-resolver-connector-basic-1.9.7.jar:/home/pkruger/.m2/repository/org/apache/maven/resolver/maven-resolver-transport-wagon/1.9.7/maven-resolver-transport-wagon-1.9.7.jar:/home/pkruger/.m2/repository/org/apache/maven/wagon/wagon-http/3.5.3/wagon-http-3.5.3.jar:/home/pkruger/.m2/repository/org/apache/maven/wagon/wagon-file/3.5.3/wagon-file-3.5.3.jar:/home/pkruger/.m2/repository/io/quarkus/quarkus-bootstrap-gradle-resolver/999-SNAPSHOT/quarkus-bootstrap-gradle-resolver-999-SNAPSHOT.jar:/home/pkruger/.m2/repository/commons-io/commons-io/2.11.0/commons-io-2.11.0.jar:/home/pkruger/.m2/repository/org/jboss/logging/commons-logging-jboss-logging/1.0.0.Final/commons-logging-jboss-logging-1.0.0.Final.jar:/home/pkruger/.m2/repository/io/quarkus/quarkus-junit5-properties/999-SNAPSHOT/quarkus-junit5-properties-999-SNAPSHOT.jar:/home/pkruger/.m2/repository/org/junit/jupiter/junit-jupiter/5.9.3/junit-jupiter-5.9.3.jar:/home/pkruger/.m2/repository/org/junit/jupiter/junit-jupiter-api/5.9.3/junit-jupiter-api-5.9.3.jar:/home/pkruger/.m2/repository/org/opentest4j/opentest4j/1.2.0/opentest4j-1.2.0.jar:/home/pkruger/.m2/repository/org/junit/platform/junit-platform-commons/1.9.3/junit-platform-commons-1.9.3.jar:/home/pkruger/.m2/repository/org/apiguardian/apiguardian-api/1.1.2/apiguardian-api-1.1.2.jar:/home/pkruger/.m2/repository/org/junit/jupiter/junit-jupiter-params/5.9.3/junit-jupiter-params-5.9.3.jar:/home/pkruger/.m2/repository/org/junit/jupiter/junit-jupiter-engine/5.9.3/junit-jupiter-engine-5.9.3.jar:/home/pkruger/.m2/repository/org/junit/platform/junit-platform-engine/1.9.3/junit-platform-engine-1.9.3.jar:/home/pkruger/.m2/repository/com/thoughtworks/xstream/xstream/1.4.20/xstream-1.4.20.jar:/home/pkruger/.m2/repository/io/github/x-stream/mxparser/1.2.2/mxparser-1.2.2.jar:/home/pkruger/.m2/repository/xmlpull/xmlpull/1.1.3.1/xmlpull-1.1.3.1.jar:/home/pkruger/.m2/repository/io/rest-assured/rest-assured/5.3.0/rest-assured-5.3.0.jar:/home/pkruger/.m2/repository/org/apache/groovy/groovy/4.0.6/groovy-4.0.6.jar:/home/pkruger/.m2/repository/org/apache/groovy/groovy-xml/4.0.6/groovy-xml-4.0.6.jar:/home/pkruger/.m2/repository/org/apache/httpcomponents/httpclient/4.5.14/httpclient-4.5.14.jar:/home/pkruger/.m2/repository/org/apache/httpcomponents/httpcore/4.4.16/httpcore-4.4.16.jar:/home/pkruger/.m2/repository/commons-codec/commons-codec/1.15/commons-codec-1.15.jar:/home/pkruger/.m2/repository/org/apache/httpcomponents/httpmime/4.5.14/httpmime-4.5.14.jar:/home/pkruger/.m2/repository/org/hamcrest/hamcrest/2.1/hamcrest-2.1.jar:/home/pkruger/.m2/repository/org/ccil/cowan/tagsoup/tagsoup/1.2.1/tagsoup-1.2.1.jar:/home/pkruger/.m2/repository/io/rest-assured/json-path/5.3.0/json-path-5.3.0.jar:/home/pkruger/.m2/repository/org/apache/groovy/groovy-json/4.0.6/groovy-json-4.0.6.jar:/home/pkruger/.m2/repository/io/rest-assured/rest-assured-common/5.3.0/rest-assured-common-5.3.0.jar:/home/pkruger/.m2/repository/io/rest-assured/xml-path/5.3.0/xml-path-5.3.0.jar:/home/pkruger/.m2/repository/org/apache/commons/commons-lang3/3.12.0/commons-lang3-3.12.0.jar:"/>
    <property name="native.image.path" value="/home/pkruger/Projects/phillip-kruger.com/todos/target/todos-1.0.0-SNAPSHOT-runner"/>
    <property name="java.vm.vendor" value="Red Hat, Inc."/>
    <property name="sun.arch.data.model" value="64"/>
    <property name="java.vendor.url" value="https://www.redhat.com/"/>
    <property name="user.timezone" value="Australia/Melbourne"/>
    <property name="os.name" value="Linux"/>
    <property name="java.vm.specification.version" value="17"/>
    <property name="sun.java.launcher" value="SUN_STANDARD"/>
    <property name="user.country" value="AU"/>
    <property name="mp.openapi.extensions.smallrye.defaultProduces" value="application/json"/>
    <property name="quarkus.http.test-port" value="8081"/>
    <property name="sun.boot.library.path" value="/usr/lib/jvm/java-17-openjdk-17.0.7.0.7-5.fc38.x86_64/lib"/>
    <property name="sun.java.command" value="/home/pkruger/Projects/phillip-kruger.com/todos/target/surefire/surefirebooter-20230601140443543_3.jar /home/pkruger/Projects/phillip-kruger.com/todos/target/surefire 2023-06-01T14-04-43_471-jvmRun1 surefire-20230601140443543_1tmp surefire_0-20230601140443543_2tmp"/>
    <property name="jdk.debug" value="release"/>
    <property name="maven.home" value="/opt/Maven/apache-maven-3.9.1"/>
    <property name="surefire.test.class.path" value="/home/pkruger/Projects/phillip-kruger.com/todos/target/test-classes:/home/pkruger/Projects/phillip-kruger.com/todos/target/todos-1.0.0-SNAPSHOT.jar:/home/pkruger/.m2/repository/io/quarkus/quarkus-resteasy-reactive-jackson/999-SNAPSHOT/quarkus-resteasy-reactive-jackson-999-SNAPSHOT.jar:/home/pkruger/.m2/repository/io/quarkus/quarkus-resteasy-reactive/999-SNAPSHOT/quarkus-resteasy-reactive-999-SNAPSHOT.jar:/home/pkruger/.m2/repository/io/quarkus/quarkus-resteasy-reactive-common/999-SNAPSHOT/quarkus-resteasy-reactive-common-999-SNAPSHOT.jar:/home/pkruger/.m2/repository/io/quarkus/resteasy/reactive/resteasy-reactive-common/999-SNAPSHOT/resteasy-reactive-common-999-SNAPSHOT.jar:/home/pkruger/.m2/repository/io/quarkus/resteasy/reactive/resteasy-reactive-common-types/999-SNAPSHOT/resteasy-reactive-common-types-999-SNAPSHOT.jar:/home/pkruger/.m2/repository/org/reactivestreams/reactive-streams/1.0.4/reactive-streams-1.0.4.jar:/home/pkruger/.m2/repository/io/smallrye/reactive/mutiny-zero-flow-adapters/1.0.0/mutiny-zero-flow-adapters-1.0.0.jar:/home/pkruger/.m2/repository/io/quarkus/resteasy/reactive/resteasy-reactive-vertx/999-SNAPSHOT/resteasy-reactive-vertx-999-SNAPSHOT.jar:/home/pkruger/.m2/repository/io/smallrye/reactive/smallrye-mutiny-vertx-core/3.4.1/smallrye-mutiny-vertx-core-3.4.1.jar:/home/pkruger/.m2/repository/io/smallrye/reactive/smallrye-mutiny-vertx-runtime/3.4.1/smallrye-mutiny-vertx-runtime-3.4.1.jar:/home/pkruger/.m2/repository/io/smallrye/reactive/vertx-mutiny-generator/3.4.1/vertx-mutiny-generator-3.4.1.jar:/home/pkruger/.m2/repository/io/vertx/vertx-codegen/4.4.2/vertx-codegen-4.4.2.jar:/home/pkruger/.m2/repository/io/quarkus/resteasy/reactive/resteasy-reactive/999-SNAPSHOT/resteasy-reactive-999-SNAPSHOT.jar:/home/pkruger/.m2/repository/jakarta/ws/rs/jakarta.ws.rs-api/3.1.0/jakarta.ws.rs-api-3.1.0.jar:/home/pkruger/.m2/repository/jakarta/xml/bind/jakarta.xml.bind-api/4.0.0/jakarta.xml.bind-api-4.0.0.jar:/home/pkruger/.m2/repository/jakarta/activation/jakarta.activation-api/2.1.2/jakarta.activation-api-2.1.2.jar:/home/pkruger/.m2/repository/io/quarkus/quarkus-jsonp/999-SNAPSHOT/quarkus-jsonp-999-SNAPSHOT.jar:/home/pkruger/.m2/repository/org/eclipse/parsson/parsson/1.1.1/parsson-1.1.1.jar:/home/pkruger/.m2/repository/jakarta/json/jakarta.json-api/2.1.1/jakarta.json-api-2.1.1.jar:/home/pkruger/.m2/repository/io/quarkus/quarkus-resteasy-reactive-jackson-common/999-SNAPSHOT/quarkus-resteasy-reactive-jackson-common-999-SNAPSHOT.jar:/home/pkruger/.m2/repository/io/quarkus/resteasy/reactive/resteasy-reactive-jackson/999-SNAPSHOT/resteasy-reactive-jackson-999-SNAPSHOT.jar:/home/pkruger/.m2/repository/io/quarkus/quarkus-jackson/999-SNAPSHOT/quarkus-jackson-999-SNAPSHOT.jar:/home/pkruger/.m2/repository/com/fasterxml/jackson/datatype/jackson-datatype-jsr310/2.15.0/jackson-datatype-jsr310-2.15.0.jar:/home/pkruger/.m2/repository/com/fasterxml/jackson/datatype/jackson-datatype-jdk8/2.15.0/jackson-datatype-jdk8-2.15.0.jar:/home/pkruger/.m2/repository/com/fasterxml/jackson/module/jackson-module-parameter-names/2.15.0/jackson-module-parameter-names-2.15.0.jar:/home/pkruger/.m2/repository/io/quarkus/quarkus-arc/999-SNAPSHOT/quarkus-arc-999-SNAPSHOT.jar:/home/pkruger/.m2/repository/io/quarkus/arc/arc/999-SNAPSHOT/arc-999-SNAPSHOT.jar:/home/pkruger/.m2/repository/jakarta/enterprise/jakarta.enterprise.cdi-api/4.0.1/jakarta.enterprise.cdi-api-4.0.1.jar:/home/pkruger/.m2/repository/jakarta/enterprise/jakarta.enterprise.lang-model/4.0.1/jakarta.enterprise.lang-model-4.0.1.jar:/home/pkruger/.m2/repository/jakarta/el/jakarta.el-api/5.0.1/jakarta.el-api-5.0.1.jar:/home/pkruger/.m2/repository/jakarta/interceptor/jakarta.interceptor-api/2.1.0/jakarta.interceptor-api-2.1.0.jar:/home/pkruger/.m2/repository/jakarta/annotation/jakarta.annotation-api/2.1.1/jakarta.annotation-api-2.1.1.jar:/home/pkruger/.m2/repository/jakarta/transaction/jakarta.transaction-api/2.0.1/jakarta.transaction-api-2.0.1.jar:/home/pkruger/.m2/repository/io/smallrye/reactive/mutiny/2.2.0/mutiny-2.2.0.jar:/home/pkruger/.m2/repository/io/smallrye/common/smallrye-common-annotation/2.1.0/smallrye-common-annotation-2.1.0.jar:/home/pkruger/.m2/repository/org/jboss/logging/jboss-logging/3.5.0.Final/jboss-logging-3.5.0.Final.jar:/home/pkruger/.m2/repository/io/quarkus/quarkus-core/999-SNAPSHOT/quarkus-core-999-SNAPSHOT.jar:/home/pkruger/.m2/repository/jakarta/inject/jakarta.inject-api/2.0.1/jakarta.inject-api-2.0.1.jar:/home/pkruger/.m2/repository/io/smallrye/common/smallrye-common-os/2.1.0/smallrye-common-os-2.1.0.jar:/home/pkruger/.m2/repository/io/quarkus/quarkus-ide-launcher/999-SNAPSHOT/quarkus-ide-launcher-999-SNAPSHOT.jar:/home/pkruger/.m2/repository/io/quarkus/quarkus-development-mode-spi/999-SNAPSHOT/quarkus-development-mode-spi-999-SNAPSHOT.jar:/home/pkruger/.m2/repository/io/smallrye/config/smallrye-config/3.2.1/smallrye-config-3.2.1.jar:/home/pkruger/.m2/repository/io/smallrye/config/smallrye-config-core/3.2.1/smallrye-config-core-3.2.1.jar:/home/pkruger/.m2/repository/io/smallrye/common/smallrye-common-expression/2.1.0/smallrye-common-expression-2.1.0.jar:/home/pkruger/.m2/repository/io/smallrye/common/smallrye-common-function/2.1.0/smallrye-common-function-2.1.0.jar:/home/pkruger/.m2/repository/io/smallrye/common/smallrye-common-classloader/2.1.0/smallrye-common-classloader-2.1.0.jar:/home/pkruger/.m2/repository/io/smallrye/config/smallrye-config-common/3.2.1/smallrye-config-common-3.2.1.jar:/home/pkruger/.m2/repository/org/jboss/logmanager/jboss-logmanager-embedded/1.1.1/jboss-logmanager-embedded-1.1.1.jar:/home/pkruger/.m2/repository/org/jboss/logging/jboss-logging-annotations/2.2.1.Final/jboss-logging-annotations-2.2.1.Final.jar:/home/pkruger/.m2/repository/org/jboss/threads/jboss-threads/3.5.0.Final/jboss-threads-3.5.0.Final.jar:/home/pkruger/.m2/repository/org/slf4j/slf4j-api/2.0.6/slf4j-api-2.0.6.jar:/home/pkruger/.m2/repository/org/jboss/slf4j/slf4j-jboss-logmanager/2.0.0.Final/slf4j-jboss-logmanager-2.0.0.Final.jar:/home/pkruger/.m2/repository/org/graalvm/sdk/graal-sdk/22.3.2/graal-sdk-22.3.2.jar:/home/pkruger/.m2/repository/org/wildfly/common/wildfly-common/1.5.4.Final-format-001/wildfly-common-1.5.4.Final-format-001.jar:/home/pkruger/.m2/repository/io/quarkus/quarkus-bootstrap-runner/999-SNAPSHOT/quarkus-bootstrap-runner-999-SNAPSHOT.jar:/home/pkruger/.m2/repository/io/quarkus/quarkus-fs-util/0.0.9/quarkus-fs-util-0.0.9.jar:/home/pkruger/.m2/repository/org/eclipse/microprofile/context-propagation/microprofile-context-propagation-api/1.3/microprofile-context-propagation-api-1.3.jar:/home/pkruger/.m2/repository/io/quarkus/quarkus-smallrye-openapi/999-SNAPSHOT/quarkus-smallrye-openapi-999-SNAPSHOT.jar:/home/pkruger/.m2/repository/io/smallrye/smallrye-open-api-core/3.3.4/smallrye-open-api-core-3.3.4.jar:/home/pkruger/.m2/repository/org/eclipse/microprofile/openapi/microprofile-openapi-api/3.1/microprofile-openapi-api-3.1.jar:/home/pkruger/.m2/repository/org/eclipse/microprofile/config/microprofile-config-api/3.0.3/microprofile-config-api-3.0.3.jar:/home/pkruger/.m2/repository/com/fasterxml/jackson/core/jackson-core/2.15.0/jackson-core-2.15.0.jar:/home/pkruger/.m2/repository/com/fasterxml/jackson/core/jackson-databind/2.15.0/jackson-databind-2.15.0.jar:/home/pkruger/.m2/repository/com/fasterxml/jackson/core/jackson-annotations/2.15.0/jackson-annotations-2.15.0.jar:/home/pkruger/.m2/repository/com/fasterxml/jackson/dataformat/jackson-dataformat-yaml/2.15.0/jackson-dataformat-yaml-2.15.0.jar:/home/pkruger/.m2/repository/org/yaml/snakeyaml/2.0/snakeyaml-2.0.jar:/home/pkruger/.m2/repository/io/smallrye/jandex/3.1.1/jandex-3.1.1.jar:/home/pkruger/.m2/repository/io/quarkus/quarkus-vertx-http/999-SNAPSHOT/quarkus-vertx-http-999-SNAPSHOT.jar:/home/pkruger/.m2/repository/io/quarkus/quarkus-security-runtime-spi/999-SNAPSHOT/quarkus-security-runtime-spi-999-SNAPSHOT.jar:/home/pkruger/.m2/repository/io/quarkus/quarkus-credentials/999-SNAPSHOT/quarkus-credentials-999-SNAPSHOT.jar:/home/pkruger/.m2/repository/io/quarkus/quarkus-mutiny/999-SNAPSHOT/quarkus-mutiny-999-SNAPSHOT.jar:/home/pkruger/.m2/repository/io/quarkus/quarkus-smallrye-context-propagation/999-SNAPSHOT/quarkus-smallrye-context-propagation-999-SNAPSHOT.jar:/home/pkruger/.m2/repository/io/smallrye/smallrye-context-propagation/2.1.0/smallrye-context-propagation-2.1.0.jar:/home/pkruger/.m2/repository/io/smallrye/smallrye-context-propagation-api/2.1.0/smallrye-context-propagation-api-2.1.0.jar:/home/pkruger/.m2/repository/io/smallrye/smallrye-context-propagation-storage/2.1.0/smallrye-context-propagation-storage-2.1.0.jar:/home/pkruger/.m2/repository/io/smallrye/reactive/mutiny-smallrye-context-propagation/2.2.0/mutiny-smallrye-context-propagation-2.2.0.jar:/home/pkruger/.m2/repository/io/smallrye/common/smallrye-common-vertx-context/2.1.0/smallrye-common-vertx-context-2.1.0.jar:/home/pkruger/.m2/repository/io/vertx/vertx-core/4.4.2/vertx-core-4.4.2.jar:/home/pkruger/.m2/repository/io/netty/netty-common/4.1.92.Final/netty-common-4.1.92.Final.jar:/home/pkruger/.m2/repository/io/netty/netty-buffer/4.1.92.Final/netty-buffer-4.1.92.Final.jar:/home/pkruger/.m2/repository/io/netty/netty-transport/4.1.92.Final/netty-transport-4.1.92.Final.jar:/home/pkruger/.m2/repository/io/netty/netty-handler/4.1.92.Final/netty-handler-4.1.92.Final.jar:/home/pkruger/.m2/repository/io/netty/netty-transport-native-unix-common/4.1.92.Final/netty-transport-native-unix-common-4.1.92.Final.jar:/home/pkruger/.m2/repository/io/netty/netty-handler-proxy/4.1.92.Final/netty-handler-proxy-4.1.92.Final.jar:/home/pkruger/.m2/repository/io/netty/netty-codec-socks/4.1.92.Final/netty-codec-socks-4.1.92.Final.jar:/home/pkruger/.m2/repository/io/netty/netty-codec-http/4.1.92.Final/netty-codec-http-4.1.92.Final.jar:/home/pkruger/.m2/repository/io/netty/netty-codec-http2/4.1.92.Final/netty-codec-http2-4.1.92.Final.jar:/home/pkruger/.m2/repository/io/netty/netty-resolver/4.1.92.Final/netty-resolver-4.1.92.Final.jar:/home/pkruger/.m2/repository/io/netty/netty-resolver-dns/4.1.92.Final/netty-resolver-dns-4.1.92.Final.jar:/home/pkruger/.m2/repository/io/netty/netty-codec-dns/4.1.92.Final/netty-codec-dns-4.1.92.Final.jar:/home/pkruger/.m2/repository/io/smallrye/common/smallrye-common-constraint/2.1.0/smallrye-common-constraint-2.1.0.jar:/home/pkruger/.m2/repository/io/quarkus/quarkus-vertx-http-dev-console-runtime-spi/999-SNAPSHOT/quarkus-vertx-http-dev-console-runtime-spi-999-SNAPSHOT.jar:/home/pkruger/.m2/repository/io/quarkus/security/quarkus-security/2.0.2.Final/quarkus-security-2.0.2.Final.jar:/home/pkruger/.m2/repository/io/quarkus/quarkus-vertx/999-SNAPSHOT/quarkus-vertx-999-SNAPSHOT.jar:/home/pkruger/.m2/repository/io/quarkus/quarkus-netty/999-SNAPSHOT/quarkus-netty-999-SNAPSHOT.jar:/home/pkruger/.m2/repository/io/netty/netty-codec/4.1.92.Final/netty-codec-4.1.92.Final.jar:/home/pkruger/.m2/repository/com/aayushatharva/brotli4j/brotli4j/1.11.0/brotli4j-1.11.0.jar:/home/pkruger/.m2/repository/com/aayushatharva/brotli4j/service/1.11.0/service-1.11.0.jar:/home/pkruger/.m2/repository/com/aayushatharva/brotli4j/native-linux-x86_64/1.11.0/native-linux-x86_64-1.11.0.jar:/home/pkruger/.m2/repository/io/netty/netty-codec-haproxy/4.1.92.Final/netty-codec-haproxy-4.1.92.Final.jar:/home/pkruger/.m2/repository/io/quarkus/quarkus-vertx-latebound-mdc-provider/999-SNAPSHOT/quarkus-vertx-latebound-mdc-provider-999-SNAPSHOT.jar:/home/pkruger/.m2/repository/io/smallrye/smallrye-fault-tolerance-vertx/6.2.3/smallrye-fault-tolerance-vertx-6.2.3.jar:/home/pkruger/.m2/repository/io/smallrye/reactive/smallrye-mutiny-vertx-web/3.4.1/smallrye-mutiny-vertx-web-3.4.1.jar:/home/pkruger/.m2/repository/io/smallrye/reactive/smallrye-mutiny-vertx-web-common/3.4.1/smallrye-mutiny-vertx-web-common-3.4.1.jar:/home/pkruger/.m2/repository/io/smallrye/reactive/smallrye-mutiny-vertx-auth-common/3.4.1/smallrye-mutiny-vertx-auth-common-3.4.1.jar:/home/pkruger/.m2/repository/io/smallrye/reactive/smallrye-mutiny-vertx-bridge-common/3.4.1/smallrye-mutiny-vertx-bridge-common-3.4.1.jar:/home/pkruger/.m2/repository/io/smallrye/reactive/smallrye-mutiny-vertx-uri-template/3.4.1/smallrye-mutiny-vertx-uri-template-3.4.1.jar:/home/pkruger/.m2/repository/io/vertx/vertx-uri-template/4.4.2/vertx-uri-template-4.4.2.jar:/home/pkruger/.m2/repository/io/vertx/vertx-web/4.4.2/vertx-web-4.4.2.jar:/home/pkruger/.m2/repository/io/vertx/vertx-web-common/4.4.2/vertx-web-common-4.4.2.jar:/home/pkruger/.m2/repository/io/vertx/vertx-auth-common/4.4.2/vertx-auth-common-4.4.2.jar:/home/pkruger/.m2/repository/io/vertx/vertx-bridge-common/4.4.2/vertx-bridge-common-4.4.2.jar:/home/pkruger/.m2/repository/io/github/crac/org-crac/0.1.3/org-crac-0.1.3.jar:/home/pkruger/.m2/repository/io/quarkus/quarkus-swagger-ui/999-SNAPSHOT/quarkus-swagger-ui-999-SNAPSHOT.jar:/home/pkruger/.m2/repository/io/quarkus/quarkus-junit5/999-SNAPSHOT/quarkus-junit5-999-SNAPSHOT.jar:/home/pkruger/.m2/repository/io/quarkus/quarkus-bootstrap-core/999-SNAPSHOT/quarkus-bootstrap-core-999-SNAPSHOT.jar:/home/pkruger/.m2/repository/io/quarkus/quarkus-bootstrap-app-model/999-SNAPSHOT/quarkus-bootstrap-app-model-999-SNAPSHOT.jar:/home/pkruger/.m2/repository/io/smallrye/common/smallrye-common-io/2.1.0/smallrye-common-io-2.1.0.jar:/home/pkruger/.m2/repository/org/eclipse/sisu/org.eclipse.sisu.inject/0.3.5/org.eclipse.sisu.inject-0.3.5.jar:/home/pkruger/.m2/repository/io/quarkus/quarkus-test-common/999-SNAPSHOT/quarkus-test-common-999-SNAPSHOT.jar:/home/pkruger/.m2/repository/io/quarkus/quarkus-core-deployment/999-SNAPSHOT/quarkus-core-deployment-999-SNAPSHOT.jar:/home/pkruger/.m2/repository/org/aesh/readline/2.4/readline-2.4.jar:/home/pkruger/.m2/repository/org/fusesource/jansi/jansi/2.4.0/jansi-2.4.0.jar:/home/pkruger/.m2/repository/org/aesh/aesh/2.7/aesh-2.7.jar:/home/pkruger/.m2/repository/io/quarkus/gizmo/gizmo/1.6.1.Final/gizmo-1.6.1.Final.jar:/home/pkruger/.m2/repository/org/ow2/asm/asm-util/9.5/asm-util-9.5.jar:/home/pkruger/.m2/repository/org/ow2/asm/asm-analysis/9.5/asm-analysis-9.5.jar:/home/pkruger/.m2/repository/org/ow2/asm/asm/9.5/asm-9.5.jar:/home/pkruger/.m2/repository/org/ow2/asm/asm-commons/9.5/asm-commons-9.5.jar:/home/pkruger/.m2/repository/org/ow2/asm/asm-tree/9.5/asm-tree-9.5.jar:/home/pkruger/.m2/repository/io/quarkus/quarkus-class-change-agent/999-SNAPSHOT/quarkus-class-change-agent-999-SNAPSHOT.jar:/home/pkruger/.m2/repository/io/quarkus/quarkus-devtools-utilities/999-SNAPSHOT/quarkus-devtools-utilities-999-SNAPSHOT.jar:/home/pkruger/.m2/repository/io/quarkus/quarkus-builder/999-SNAPSHOT/quarkus-builder-999-SNAPSHOT.jar:/home/pkruger/.m2/repository/org/junit/platform/junit-platform-launcher/1.9.3/junit-platform-launcher-1.9.3.jar:/home/pkruger/.m2/repository/io/quarkus/quarkus-bootstrap-maven-resolver/999-SNAPSHOT/quarkus-bootstrap-maven-resolver-999-SNAPSHOT.jar:/home/pkruger/.m2/repository/io/smallrye/beanbag/smallrye-beanbag-maven/1.1.0/smallrye-beanbag-maven-1.1.0.jar:/home/pkruger/.m2/repository/io/smallrye/beanbag/smallrye-beanbag-sisu/1.1.0/smallrye-beanbag-sisu-1.1.0.jar:/home/pkruger/.m2/repository/io/smallrye/beanbag/smallrye-beanbag/1.1.0/smallrye-beanbag-1.1.0.jar:/home/pkruger/.m2/repository/javax/inject/javax.inject/1/javax.inject-1.jar:/home/pkruger/.m2/repository/org/apache/maven/maven-artifact/3.9.1/maven-artifact-3.9.1.jar:/home/pkruger/.m2/repository/org/apache/maven/maven-builder-support/3.9.1/maven-builder-support-3.9.1.jar:/home/pkruger/.m2/repository/org/apache/maven/maven-model/3.9.1/maven-model-3.9.1.jar:/home/pkruger/.m2/repository/org/apache/maven/maven-model-builder/3.9.1/maven-model-builder-3.9.1.jar:/home/pkruger/.m2/repository/org/apache/maven/maven-repository-metadata/3.9.1/maven-repository-metadata-3.9.1.jar:/home/pkruger/.m2/repository/org/apache/maven/maven-settings/3.9.1/maven-settings-3.9.1.jar:/home/pkruger/.m2/repository/org/apache/maven/resolver/maven-resolver-api/1.9.7/maven-resolver-api-1.9.7.jar:/home/pkruger/.m2/repository/org/apache/maven/resolver/maven-resolver-impl/1.9.7/maven-resolver-impl-1.9.7.jar:/home/pkruger/.m2/repository/org/apache/maven/resolver/maven-resolver-named-locks/1.9.7/maven-resolver-named-locks-1.9.7.jar:/home/pkruger/.m2/repository/org/apache/maven/resolver/maven-resolver-spi/1.9.7/maven-resolver-spi-1.9.7.jar:/home/pkruger/.m2/repository/org/apache/maven/resolver/maven-resolver-util/1.9.7/maven-resolver-util-1.9.7.jar:/home/pkruger/.m2/repository/org/apache/maven/wagon/wagon-provider-api/3.5.3/wagon-provider-api-3.5.3.jar:/home/pkruger/.m2/repository/org/apache/maven/wagon/wagon-http-lightweight/3.5.3/wagon-http-lightweight-3.5.3.jar:/home/pkruger/.m2/repository/org/apache/maven/wagon/wagon-http-shared/3.5.3/wagon-http-shared-3.5.3.jar:/home/pkruger/.m2/repository/org/codehaus/plexus/plexus-interpolation/1.26/plexus-interpolation-1.26.jar:/home/pkruger/.m2/repository/org/codehaus/plexus/plexus-utils/3.5.1/plexus-utils-3.5.1.jar:/home/pkruger/.m2/repository/org/sonatype/plexus/plexus-cipher/1.7/plexus-cipher-1.7.jar:/home/pkruger/.m2/repository/org/sonatype/plexus/plexus-sec-dispatcher/1.4/plexus-sec-dispatcher-1.4.jar:/home/pkruger/.m2/repository/org/apache/maven/maven-embedder/3.9.1/maven-embedder-3.9.1.jar:/home/pkruger/.m2/repository/org/apache/maven/maven-core/3.9.1/maven-core-3.9.1.jar:/home/pkruger/.m2/repository/org/codehaus/plexus/plexus-component-annotations/2.1.0/plexus-component-annotations-2.1.0.jar:/home/pkruger/.m2/repository/org/apache/maven/maven-plugin-api/3.9.1/maven-plugin-api-3.9.1.jar:/home/pkruger/.m2/repository/org/apache/maven/shared/maven-shared-utils/3.3.4/maven-shared-utils-3.3.4.jar:/home/pkruger/.m2/repository/com/google/inject/guice/5.1.0/guice-5.1.0.jar:/home/pkruger/.m2/repository/aopalliance/aopalliance/1.0/aopalliance-1.0.jar:/home/pkruger/.m2/repository/com/google/guava/guava/31.1-jre/guava-31.1-jre.jar:/home/pkruger/.m2/repository/com/google/guava/failureaccess/1.0.1/failureaccess-1.0.1.jar:/home/pkruger/.m2/repository/javax/annotation/javax.annotation-api/1.3.2/javax.annotation-api-1.3.2.jar:/home/pkruger/.m2/repository/org/codehaus/plexus/plexus-classworlds/2.6.0/plexus-classworlds-2.6.0.jar:/home/pkruger/.m2/repository/org/codehaus/plexus/plexus-sec-dispatcher/2.0/plexus-sec-dispatcher-2.0.jar:/home/pkruger/.m2/repository/org/codehaus/plexus/plexus-cipher/2.0/plexus-cipher-2.0.jar:/home/pkruger/.m2/repository/commons-cli/commons-cli/1.4/commons-cli-1.4.jar:/home/pkruger/.m2/repository/org/eclipse/sisu/org.eclipse.sisu.plexus/0.3.5/org.eclipse.sisu.plexus-0.3.5.jar:/home/pkruger/.m2/repository/org/apache/maven/maven-settings-builder/3.9.1/maven-settings-builder-3.9.1.jar:/home/pkruger/.m2/repository/org/apache/maven/maven-resolver-provider/3.9.1/maven-resolver-provider-3.9.1.jar:/home/pkruger/.m2/repository/org/apache/maven/resolver/maven-resolver-connector-basic/1.9.7/maven-resolver-connector-basic-1.9.7.jar:/home/pkruger/.m2/repository/org/apache/maven/resolver/maven-resolver-transport-wagon/1.9.7/maven-resolver-transport-wagon-1.9.7.jar:/home/pkruger/.m2/repository/org/apache/maven/wagon/wagon-http/3.5.3/wagon-http-3.5.3.jar:/home/pkruger/.m2/repository/org/apache/maven/wagon/wagon-file/3.5.3/wagon-file-3.5.3.jar:/home/pkruger/.m2/repository/io/quarkus/quarkus-bootstrap-gradle-resolver/999-SNAPSHOT/quarkus-bootstrap-gradle-resolver-999-SNAPSHOT.jar:/home/pkruger/.m2/repository/commons-io/commons-io/2.11.0/commons-io-2.11.0.jar:/home/pkruger/.m2/repository/org/jboss/logging/commons-logging-jboss-logging/1.0.0.Final/commons-logging-jboss-logging-1.0.0.Final.jar:/home/pkruger/.m2/repository/io/quarkus/quarkus-junit5-properties/999-SNAPSHOT/quarkus-junit5-properties-999-SNAPSHOT.jar:/home/pkruger/.m2/repository/org/junit/jupiter/junit-jupiter/5.9.3/junit-jupiter-5.9.3.jar:/home/pkruger/.m2/repository/org/junit/jupiter/junit-jupiter-api/5.9.3/junit-jupiter-api-5.9.3.jar:/home/pkruger/.m2/repository/org/opentest4j/opentest4j/1.2.0/opentest4j-1.2.0.jar:/home/pkruger/.m2/repository/org/junit/platform/junit-platform-commons/1.9.3/junit-platform-commons-1.9.3.jar:/home/pkruger/.m2/repository/org/apiguardian/apiguardian-api/1.1.2/apiguardian-api-1.1.2.jar:/home/pkruger/.m2/repository/org/junit/jupiter/junit-jupiter-params/5.9.3/junit-jupiter-params-5.9.3.jar:/home/pkruger/.m2/repository/org/junit/jupiter/junit-jupiter-engine/5.9.3/junit-jupiter-engine-5.9.3.jar:/home/pkruger/.m2/repository/org/junit/platform/junit-platform-engine/1.9.3/junit-platform-engine-1.9.3.jar:/home/pkruger/.m2/repository/com/thoughtworks/xstream/xstream/1.4.20/xstream-1.4.20.jar:/home/pkruger/.m2/repository/io/github/x-stream/mxparser/1.2.2/mxparser-1.2.2.jar:/home/pkruger/.m2/repository/xmlpull/xmlpull/1.1.3.1/xmlpull-1.1.3.1.jar:/home/pkruger/.m2/repository/io/rest-assured/rest-assured/5.3.0/rest-assured-5.3.0.jar:/home/pkruger/.m2/repository/org/apache/groovy/groovy/4.0.6/groovy-4.0.6.jar:/home/pkruger/.m2/repository/org/apache/groovy/groovy-xml/4.0.6/groovy-xml-4.0.6.jar:/home/pkruger/.m2/repository/org/apache/httpcomponents/httpclient/4.5.14/httpclient-4.5.14.jar:/home/pkruger/.m2/repository/org/apache/httpcomponents/httpcore/4.4.16/httpcore-4.4.16.jar:/home/pkruger/.m2/repository/commons-codec/commons-codec/1.15/commons-codec-1.15.jar:/home/pkruger/.m2/repository/org/apache/httpcomponents/httpmime/4.5.14/httpmime-4.5.14.jar:/home/pkruger/.m2/repository/org/hamcrest/hamcrest/2.1/hamcrest-2.1.jar:/home/pkruger/.m2/repository/org/ccil/cowan/tagsoup/tagsoup/1.2.1/tagsoup-1.2.1.jar:/home/pkruger/.m2/repository/io/rest-assured/json-path/5.3.0/json-path-5.3.0.jar:/home/pkruger/.m2/repository/org/apache/groovy/groovy-json/4.0.6/groovy-json-4.0.6.jar:/home/pkruger/.m2/repository/io/rest-assured/rest-assured-common/5.3.0/rest-assured-common-5.3.0.jar:/home/pkruger/.m2/repository/io/rest-assured/xml-path/5.3.0/xml-path-5.3.0.jar:/home/pkruger/.m2/repository/org/apache/commons/commons-lang3/3.12.0/commons-lang3-3.12.0.jar:"/>
    <property name="sun.cpu.endian" value="little"/>
    <property name="user.home" value="/home/pkruger"/>
    <property name="user.language" value="en"/>
    <property name="jboss.log-version" value="false"/>
    <property name="java.specification.vendor" value="Oracle Corporation"/>
    <property name="java.version.date" value="2023-04-18"/>
    <property name="java.home" value="/usr/lib/jvm/java-17-openjdk-17.0.7.0.7-5.fc38.x86_64"/>
    <property name="file.separator" value="/"/>
    <property name="basedir" value="/home/pkruger/Projects/phillip-kruger.com/todos"/>
    <property name="java.vm.compressedOopsMode" value="Zero based"/>
    <property name="line.separator" value="&#10;"/>
    <property name="java.specification.name" value="Java Platform API Specification"/>
    <property name="java.vm.specification.vendor" value="Oracle Corporation"/>
    <property name="surefire.real.class.path" value="/home/pkruger/Projects/phillip-kruger.com/todos/target/surefire/surefirebooter-20230601140443543_3.jar"/>
    <property name="sun.management.compiler" value="HotSpot 64-Bit Tiered Compilers"/>
    <property name="java.runtime.version" value="17.0.7+7"/>
    <property name="user.name" value="pkruger"/>
    <property name="path.separator" value=":"/>
    <property name="os.version" value="6.3.4-201.fc38.x86_64"/>
    <property name="java.runtime.name" value="OpenJDK Runtime Environment"/>
    <property name="file.encoding" value="UTF-8"/>
    <property name="java.vm.name" value="OpenJDK 64-Bit Server VM"/>
    <property name="java.vendor.version" value="(Red_Hat-17.0.7.0.7-4.fc38)"/>
    <property name="localRepository" value="/home/pkruger/.m2/repository"/>
    <property name="java.vendor.url.bug" value="https://bugzilla.redhat.com/enter_bug.cgi?product=Fedora&amp;component=java-17-openjdk-portable&amp;version=38"/>
    <property name="java.io.tmpdir" value="/tmp"/>
    <property name="java.version" value="17.0.7"/>
    <property name="user.dir" value="/home/pkruger/Projects/phillip-kruger.com/todos"/>
    <property name="os.arch" value="amd64"/>
    <property name="java.vm.specification.name" value="Java Virtual Machine Specification"/>
    <property name="native.encoding" value="UTF-8"/>
    <property name="java.util.logging.manager" value="org.jboss.logmanager.LogManager"/>
    <property name="java.library.path" value="/usr/java/packages/lib:/usr/lib64:/lib64:/lib:/usr/lib"/>
    <property name="java.vm.info" value="mixed mode, sharing"/>
    <property name="java.vendor" value="Red Hat, Inc."/>
    <property name="java.vm.version" value="17.0.7+7"/>
    <property name="sun.io.unicode.encoding" value="UnicodeLittle"/>
    <property name="java.class.version" value="61.0"/>
    <property name="quarkus.http.port" value="8081"/>
    <property name="mp.openapi.extensions.smallrye.defaultConsumes" value="application/json"/>
  </properties>
  <testcase name="testHelloEndpoint" classname="au.com.brand.GreetingResourceIT" time="1.069">
    <system-out><![CDATA[Executing "/home/pkruger/Projects/phillip-kruger.com/todos/target/todos-1.0.0-SNAPSHOT-runner -Dquarkus.http.port=8081 -Dquarkus.http.ssl-port=8444 -Dtest.url=http://localhost:8081 -Dquarkus.log.file.path=/home/pkruger/Projects/phillip-kruger.com/todos/target/quarkus.log -Dquarkus.log.file.enable=true -Dquarkus.log.category."io.quarkus".level=INFO"
__  ____  __  _____   ___  __ ____  ______ 
 --/ __ \/ / / / _ | / _ \/ //_/ / / / __/ 
 -/ /_/ / /_/ / __ |/ , _/ ,< / /_/ /\ \   
--\___\_\____/_/ |_/_/|_/_/|_|\____/___/   
2023-06-01 14:04:45,932 INFO  [io.quarkus] (main) todos 1.0.0-SNAPSHOT native (powered by Quarkus 999-SNAPSHOT) started in 0.018s. Listening on: http://0.0.0.0:8081
2023-06-01 14:04:45,932 INFO  [io.quarkus] (main) Profile prod activated. 
2023-06-01 14:04:45,932 INFO  [io.quarkus] (main) Installed features: [cdi, resteasy-reactive, resteasy-reactive-jackson, smallrye-context-propagation, smallrye-openapi, vertx]
]]></system-out>
  </testcase>
  <testcase name="testHelloNamedEndpoint" classname="au.com.brand.GreetingResourceIT" time="0.017"/>
</testsuite>